# JRE version: OpenJDK Runtime Environment Microsoft-11369940 (21.0.7+6) (build 21.0.7+6-LTS)
# Java VM: OpenJDK 64-Bit Server VM Microsoft-11369940 (21.0.7+6-LTS, mixed mode, sharing, tiered, compressed oops, compressed class ptrs, g1 gc, windows-amd64)
GC Precious Log:
 CardTable entry size: 512
 Card Set container configuration: InlinePtr #cards 4 size 8 Array Of Cards #cards 16 size 48 Howl #buckets 8 coarsen threshold 3686 Howl Bitmap #cards 512 size 80 coarsen threshold 460 Card regions per heap region 1 cards per card region 4096
 CPUs: 8 total, 8 available
 Memory: 16064M
 Large Page Support: Disabled
 NUMA Support: Disabled
 Compressed Oops: Enabled (Zero based)
 Heap Region Size: 2M
 Heap Min Capacity: 8M
 Heap Initial Capacity: 252M
 Heap Max Capacity: 4018M
 Pre-touch: Disabled
 Parallel Workers: 8
 Concurrent Workers: 2
 Concurrent Refinement Workers: 8
 Periodic GC: Disabled
Heap:
 garbage-first heap   total 139264K, used 66782K [0x0000000704e00000, 0x0000000800000000)
  region size 2048K, 15 young (30720K), 4 survivors (8192K)
 Metaspace       used 38916K, committed 39360K, reserved 1114112K
  class space    used 4359K, committed 4544K, reserved 1048576K
GC Heap History (14 events):
Event: 1.221 GC heap before
{Heap before GC invocations=0 (full 0):
 garbage-first heap   total 258048K, used 22528K [0x0000000704e00000, 0x0000000800000000)
  region size 2048K, 11 young (22528K), 0 survivors (0K)
 Metaspace       used 5943K, committed 6144K, reserved 1114112K
  class space    used 678K, committed 768K, reserved 1048576K
}
Event: 1.231 GC heap after
{Heap after GC invocations=1 (full 0):
 garbage-first heap   total 258048K, used 3810K [0x0000000704e00000, 0x0000000800000000)
  region size 2048K, 2 young (4096K), 2 survivors (4096K)
 Metaspace       used 5943K, committed 6144K, reserved 1114112K
  class space    used 678K, committed 768K, reserved 1048576K
}
Event: 2.403 GC heap before
{Heap before GC invocations=1 (full 0):
 garbage-first heap   total 258048K, used 36578K [0x0000000704e00000, 0x0000000800000000)
  region size 2048K, 18 young (36864K), 2 survivors (4096K)
 Metaspace       used 9668K, committed 9856K, reserved 1114112K
  class space    used 1127K, committed 1216K, reserved 1048576K
}
Event: 2.411 GC heap after
{Heap after GC invocations=2 (full 0):
 garbage-first heap   total 258048K, used 5522K [0x0000000704e00000, 0x0000000800000000)
  region size 2048K, 1 young (2048K), 1 survivors (2048K)
 Metaspace       used 9668K, committed 9856K, reserved 1114112K
  class space    used 1127K, committed 1216K, reserved 1048576K
}
Event: 6.629 GC heap before
{Heap before GC invocations=2 (full 0):
 garbage-first heap   total 258048K, used 157074K [0x0000000704e00000, 0x0000000800000000)
  region size 2048K, 75 young (153600K), 1 survivors (2048K)
 Metaspace       used 16895K, committed 17216K, reserved 1114112K
  class space    used 1891K, committed 2048K, reserved 1048576K
}
Event: 6.649 GC heap after
{Heap after GC invocations=3 (full 0):
 garbage-first heap   total 258048K, used 17464K [0x0000000704e00000, 0x0000000800000000)
  region size 2048K, 7 young (14336K), 7 survivors (14336K)
 Metaspace       used 16895K, committed 17216K, reserved 1114112K
  class space    used 1891K, committed 2048K, reserved 1048576K
}
Event: 9.051 GC heap before
{Heap before GC invocations=3 (full 0):
 garbage-first heap   total 258048K, used 85048K [0x0000000704e00000, 0x0000000800000000)
  region size 2048K, 39 young (79872K), 7 survivors (14336K)
 Metaspace       used 21241K, committed 21504K, reserved 1114112K
  class space    used 2353K, committed 2496K, reserved 1048576K
}
Event: 9.071 GC heap after
{Heap after GC invocations=4 (full 0):
 garbage-first heap   total 258048K, used 27021K [0x0000000704e00000, 0x0000000800000000)
  region size 2048K, 4 young (8192K), 4 survivors (8192K)
 Metaspace       used 21241K, committed 21504K, reserved 1114112K
  class space    used 2353K, committed 2496K, reserved 1048576K
}
Event: 11.774 GC heap before
{Heap before GC invocations=5 (full 0):
 garbage-first heap   total 129024K, used 125325K [0x0000000704e00000, 0x0000000800000000)
  region size 2048K, 37 young (75776K), 4 survivors (8192K)
 Metaspace       used 28314K, committed 28736K, reserved 1114112K
  class space    used 3196K, committed 3392K, reserved 1048576K
}
Event: 11.787 GC heap after
{Heap after GC invocations=6 (full 0):
 garbage-first heap   total 139264K, used 27337K [0x0000000704e00000, 0x0000000800000000)
  region size 2048K, 5 young (10240K), 5 survivors (10240K)
 Metaspace       used 28314K, committed 28736K, reserved 1114112K
  class space    used 3196K, committed 3392K, reserved 1048576K
}
Event: 13.971 GC heap before
{Heap before GC invocations=6 (full 0):
 garbage-first heap   total 139264K, used 99017K [0x0000000704e00000, 0x0000000800000000)
  region size 2048K, 40 young (81920K), 5 survivors (10240K)
 Metaspace       used 28418K, committed 28864K, reserved 1114112K
  class space    used 3196K, committed 3392K, reserved 1048576K
}
Event: 14.003 GC heap after
{Heap after GC invocations=7 (full 0):
 garbage-first heap   total 139264K, used 45651K [0x0000000704e00000, 0x0000000800000000)
  region size 2048K, 5 young (10240K), 5 survivors (10240K)
 Metaspace       used 28418K, committed 28864K, reserved 1114112K
  class space    used 3196K, committed 3392K, reserved 1048576K
}
Event: 17.076 GC heap before
{Heap before GC invocations=7 (full 0):
 garbage-first heap   total 139264K, used 100947K [0x0000000704e00000, 0x0000000800000000)
  region size 2048K, 33 young (67584K), 5 survivors (10240K)
 Metaspace       used 35762K, committed 36160K, reserved 1114112K
  class space    used 4005K, committed 4224K, reserved 1048576K
}
Event: 17.093 GC heap after
{Heap after GC invocations=8 (full 0):
 garbage-first heap   total 139264K, used 46302K [0x0000000704e00000, 0x0000000800000000)
  region size 2048K, 4 young (8192K), 4 survivors (8192K)
 Metaspace       used 35762K, committed 36160K, reserved 1114112K
  class space    used 4005K, committed 4224K, reserved 1048576K
}

